[INFO ] 2022-07-02 19:47:08.670 [reactor-http-nio-8] AspectController - AuthenticationController.login(..) method called.
[INFO ] 2022-07-02 19:47:08.759 [reactor-http-nio-8] AspectController - >> Inputs > {"email":"peterpaul.0194@gmail.com","password":"stalker147"}
[INFO ] 2022-07-02 19:47:45.113 [reactor-http-nio-8] AspectController - AuthenticationController.login(..) method called.
[INFO ] 2022-07-02 19:47:45.116 [reactor-http-nio-8] AspectController - >> Inputs > {"email":"peterpaul.0194@gmail.com","password":null}
[INFO ] 2022-07-02 19:48:29.491 [reactor-http-nio-8] AspectController - AuthenticationController.login(..) method called.
[INFO ] 2022-07-02 19:48:29.495 [reactor-http-nio-8] AspectController - >> Inputs > {"email":"peterpaul.0194@gmail.com","password":null}
[INFO ] 2022-07-02 19:48:56.573 [reactor-http-nio-8] AspectController - AuthenticationController.login(..) method called.
[INFO ] 2022-07-02 19:48:56.579 [reactor-http-nio-8] AspectController - >> Inputs > {"email":"peterpaul.0194@gmail.com","password":null}
[INFO ] 2022-07-02 19:50:09.963 [reactor-http-nio-3] AspectController - AuthenticationController.login(..) method called.
[INFO ] 2022-07-02 19:50:10.000 [reactor-http-nio-3] AspectController - >> Inputs > {"email":"peterpaul.0194@gmail.com","password":null}
[INFO ] 2022-07-02 20:22:48.213 [reactor-http-nio-3] AspectController - AuthenticationController.login(..) method called.
[INFO ] 2022-07-02 20:22:48.251 [reactor-http-nio-3] AspectController - >> Inputs > {"email":"peterpaul.0194@gmail.com","password":null}
[INFO ] 2022-07-02 20:22:57.887 [reactor-http-nio-3] AspectController - AuthenticationController.login(..) method called.
[INFO ] 2022-07-02 20:22:57.893 [reactor-http-nio-3] AspectController - >> Inputs > {"email":"peterpaul.0194@gmail.com","password":null}
[INFO ] 2022-07-02 20:48:07.478 [reactor-http-nio-3] AspectController - AuthenticationController.login(..) method called.
[INFO ] 2022-07-02 20:48:07.493 [reactor-http-nio-3] AspectController - >> Inputs > {"email":"peterpaul.0194@gmail","password":"stalker147"}
[INFO ] 2022-07-02 20:48:50.672 [reactor-http-nio-3] AspectController - AuthenticationController.login(..) method called.
[INFO ] 2022-07-02 20:48:50.676 [reactor-http-nio-3] AspectController - >> Inputs > {"email":"p@gmail","password":"stalker147"}
[INFO ] 2022-07-02 20:48:56.706 [reactor-http-nio-3] AspectController - AuthenticationController.login(..) method called.
[INFO ] 2022-07-02 20:48:56.706 [reactor-http-nio-3] AspectController - >> Inputs > {"email":"gmail","password":"stalker147"}
[INFO ] 2022-07-02 21:24:54.806 [reactor-http-nio-3] AspectController - AuthenticationController.login(..) method called.
[INFO ] 2022-07-02 21:24:54.838 [reactor-http-nio-3] AspectController - >> Inputs > {"email":"gmail","password":"stalker147"}
[INFO ] 2022-07-02 21:29:10.599 [reactor-http-nio-3] AspectController - AuthenticationController.login(..) method called.
[INFO ] 2022-07-02 21:29:10.603 [reactor-http-nio-3] AspectController - >> Inputs > {"email":"peterpaul.0194@gmail","password":"stalker147"}
[INFO ] 2022-07-02 21:29:14.819 [reactor-http-nio-3] AspectController - AuthenticationController.login(..) method called.
[INFO ] 2022-07-02 21:29:14.821 [reactor-http-nio-3] AspectController - >> Inputs > {"email":"peterpaul.0194@gmail.com","password":"stalker147"}
[INFO ] 2022-07-02 21:31:02.123 [reactor-http-nio-3] AspectController - AuthenticationController.login(..) method called.
[INFO ] 2022-07-02 21:31:02.123 [reactor-http-nio-3] AspectController - >> Inputs > {"email":"peterpaul.0194@gmail.com.pe","password":"stalker147"}
[INFO ] 2022-07-02 21:31:06.725 [reactor-http-nio-3] AspectController - AuthenticationController.login(..) method called.
[INFO ] 2022-07-02 21:31:06.726 [reactor-http-nio-3] AspectController - >> Inputs > {"email":"peterpaul.0194@gmail.com","password":"stalker147"}
[INFO ] 2022-07-02 21:31:14.912 [reactor-http-nio-3] AspectController - AuthenticationController.login(..) method called.
[INFO ] 2022-07-02 21:31:14.913 [reactor-http-nio-3] AspectController - >> Inputs > {"email":"peterpaul.0194@gmail.com.pe","password":"stalker147"}
[INFO ] 2022-07-02 21:36:43.148 [reactor-http-nio-3] AspectController - AuthenticationController.login(..) method called.
[INFO ] 2022-07-02 21:36:43.184 [reactor-http-nio-3] AspectController - >> Inputs > {"email":"peterpaul.0194","password":"stalker147"}
[INFO ] 2022-07-02 21:37:16.369 [reactor-http-nio-3] AspectController - AuthenticationController.login(..) method called.
[INFO ] 2022-07-02 21:37:16.369 [reactor-http-nio-3] AspectController - >> Inputs > {"email":"peterpaul.0194@gmail.com","password":"stalker147"}
[INFO ] 2022-07-02 22:32:09.495 [reactor-http-nio-3] AspectController - AuthenticationController.login(..) method called.
[INFO ] 2022-07-02 22:32:09.502 [reactor-http-nio-3] AspectController - >> Inputs > {"email":"peterpaul.0194@gmail.com.pe","password":"stalker147"}
[INFO ] 2022-07-02 22:33:06.535 [reactor-http-nio-3] AspectController - AuthenticationController.login(..) method called.
[INFO ] 2022-07-02 22:33:06.536 [reactor-http-nio-3] AspectController - >> Inputs > {"email":"peterpaul.0194@gmail.com.pe","password":"stalker147"}
[INFO ] 2022-07-02 22:35:09.367 [reactor-http-nio-3] AspectController - AuthenticationController.login(..) method called.
[INFO ] 2022-07-02 22:35:09.368 [reactor-http-nio-3] AspectController - >> Inputs > {"email":"peterpaul.0194@gmail.com.pe","password":"stalker147"}
[INFO ] 2022-07-02 22:37:43.489 [reactor-http-nio-3] AspectController - AuthenticationController.login(..) method called.
[INFO ] 2022-07-02 22:37:43.490 [reactor-http-nio-3] AspectController - >> Inputs > {"email":"peterpaul.0194@gmail.com.pe","password":"stalker147"}
[INFO ] 2022-07-02 22:39:06.342 [reactor-http-nio-3] AspectController - AuthenticationController.login(..) method called.
[INFO ] 2022-07-02 22:39:06.342 [reactor-http-nio-3] AspectController - >> Inputs > {"email":"peterpaul.0194@gmail.com.pe","password":"stalker147"}
[INFO ] 2022-07-02 22:40:49.359 [reactor-http-nio-3] AspectController - AuthenticationController.login(..) method called.
[INFO ] 2022-07-02 22:40:49.360 [reactor-http-nio-3] AspectController - >> Inputs > {"email":"peterpaul.0194@gmail.com.pe","password":"stalker147"}
[INFO ] 2022-07-02 22:42:33.807 [reactor-http-nio-3] AspectController - AuthenticationController.login(..) method called.
[INFO ] 2022-07-02 22:42:33.807 [reactor-http-nio-3] AspectController - >> Inputs > {"email":"peterpaul.0194@gmail.com.pe","password":"stalker147"}
[INFO ] 2022-07-02 22:42:50.734 [reactor-http-nio-3] AspectController - AuthenticationController.login(..) method called.
[INFO ] 2022-07-02 22:42:50.735 [reactor-http-nio-3] AspectController - >> Inputs > {"email":"peterpaul.0194@gmail.com","password":"stalker147"}
